<?xml version="1.0" encoding="UTF-8"?>
<!-- Generated by org.testng.reporters.JUnitReportReporter -->
<testsuite hostname="ATMECSINDT-016" name="com.atmecs.testscripts.Merchandise" tests="1" failures="0" timestamp="6 Aug 2019 10:55:55 GMT" time="2.627" errors="0">
  <testcase name="merchandise" time="2.627" classname="com.atmecs.testscripts.Merchandise"/>
</testsuite> <!-- com.atmecs.testscripts.Merchandise -->
