<?xml version="1.0" encoding="UTF-8"?>
<!-- Generated by org.testng.reporters.JUnitReportReporter -->
<testsuite hostname="ATMECSINDT-016" name="com.atmecs.testscripts.NewToHotSauceMenuAutomationScripts" tests="1" failures="0" timestamp="6 Aug 2019 15:17:15 GMT" time="0.684" errors="0">
  <testcase name="newtohotsauce" time="0.684" classname="com.atmecs.testscripts.NewToHotSauceMenuAutomationScripts"/>
</testsuite> <!-- com.atmecs.testscripts.NewToHotSauceMenuAutomationScripts -->
