<?xml version="1.0" encoding="UTF-8"?>
<!-- Generated by org.testng.reporters.JUnitReportReporter -->
<testsuite hostname="ATMECSINDT-016" name="com.atmecs.testscripts.NewToHotSauce" tests="1" failures="0" timestamp="6 Aug 2019 14:24:08 GMT" time="0.802" errors="0">
  <testcase name="newtohotsauce" time="0.802" classname="com.atmecs.testscripts.NewToHotSauce"/>
</testsuite> <!-- com.atmecs.testscripts.NewToHotSauce -->
