<?xml version="1.0" encoding="UTF-8"?>
<!-- Generated by org.testng.reporters.JUnitReportReporter -->
<testsuite hostname="ATMECSINDT-016" name="com.atmecs.testscripts.HotSaucesMenuAutomationScripts" tests="1" failures="0" timestamp="6 Aug 2019 15:17:15 GMT" time="1.019" errors="0">
  <testcase name="hotsauce" time="1.019" classname="com.atmecs.testscripts.HotSaucesMenuAutomationScripts"/>
</testsuite> <!-- com.atmecs.testscripts.HotSaucesMenuAutomationScripts -->
