<?xml version="1.0" encoding="UTF-8"?>
<!-- Generated by org.testng.reporters.JUnitReportReporter -->
<testsuite hostname="ATMECSINDT-016" name="com.atmecs.testscripts.FAQMenuAutomationScripts" tests="1" failures="0" timestamp="7 Aug 2019 04:18:19 GMT" time="0.784" errors="0">
  <testcase name="faq" time="0.784" classname="com.atmecs.testscripts.FAQMenuAutomationScripts"/>
</testsuite> <!-- com.atmecs.testscripts.FAQMenuAutomationScripts -->
