<?xml version="1.0" encoding="UTF-8"?>
<!-- Generated by org.testng.reporters.JUnitReportReporter -->
<testsuite hostname="ATMECSINDT-016" name="com.atmecs.testscripts.FAQ" tests="1" failures="0" timestamp="6 Aug 2019 14:24:08 GMT" time="0.930" errors="0">
  <testcase name="faq" time="0.930" classname="com.atmecs.testscripts.FAQ"/>
</testsuite> <!-- com.atmecs.testscripts.FAQ -->
