<?xml version="1.0" encoding="UTF-8"?>
<!-- Generated by org.testng.reporters.JUnitReportReporter -->
<testsuite hostname="ATMECSINDT-016" name="com.atmecs.testscripts.HomePageAutomationScripts" tests="1" failures="0" timestamp="6 Aug 2019 10:55:55 GMT" time="3.906" errors="0">
  <testcase name="homepage" time="3.906" classname="com.atmecs.testscripts.HomePageAutomationScripts"/>
</testsuite> <!-- com.atmecs.testscripts.HomePageAutomationScripts -->
