<?xml version="1.0" encoding="UTF-8"?>
<!-- Generated by org.testng.reporters.JUnitReportReporter -->
<testsuite hostname="ATMECSINDT-016" name="com.atmecs.testscripts.Languages" tests="1" failures="0" timestamp="2 Aug 2019 14:18:17 GMT" time="0.465" errors="0">
  <testcase name="languages" time="0.465" classname="com.atmecs.testscripts.Languages"/>
</testsuite> <!-- com.atmecs.testscripts.Languages -->
