<?xml version="1.0" encoding="UTF-8"?>
<!-- Generated by org.testng.reporters.JUnitReportReporter -->
<testsuite hostname="ATMECSINDT-016" name="com.atmecs.testscripts.MerchandiseMenuAutomationScripts" tests="1" failures="0" timestamp="6 Aug 2019 15:17:15 GMT" time="2.182" errors="0">
  <testcase name="merchandise" time="2.182" classname="com.atmecs.testscripts.MerchandiseMenuAutomationScripts"/>
</testsuite> <!-- com.atmecs.testscripts.MerchandiseMenuAutomationScripts -->
